<?xml version="1.0" encoding="UTF-8"?>
<!-- Generated by org.testng.reporters.JUnitReportReporter -->
<testsuite hostname="DESKTOP-HR06H1F" failures="0" tests="1" name="genericMethode.baseClass" time="13.303" errors="0" timestamp="2023-11-04T13:33:10 IST" skipped="0">
  <testcase classname="genericMethode.baseClass" name="test" time="13.303"/>
  <system-out/>
</testsuite> <!-- genericMethode.baseClass -->
